0 info it worked if it ends with ok
1 verbose cli [ '/home/wasim/.nvm/v0.10.32/bin/node',
1 verbose cli   '/home/wasim/.nvm/v0.10.32/bin/npm',
1 verbose cli   'start',
1 verbose cli   'my.html' ]
2 info using npm@1.4.28
3 info using node@v0.10.32
4 error Error: ENOENT, open '/home/wasim/angular2/node_modules/my.html/package.json'
5 error If you need help, you may report this *entire* log,
5 error including the npm and node versions, at:
5 error     <http://github.com/npm/npm/issues>
6 error System Linux 3.19.0-66-generic
7 error command "/home/wasim/.nvm/v0.10.32/bin/node" "/home/wasim/.nvm/v0.10.32/bin/npm" "start" "my.html"
8 error cwd /home/wasim/angular2
9 error node -v v0.10.32
10 error npm -v 1.4.28
11 error path /home/wasim/angular2/node_modules/my.html/package.json
12 error code ENOENT
13 error errno 34
14 verbose exit [ 34, true ]
